%p main org.apache.commons.httpclient.HttpClient - Java version: 1.6.0_20
%p main org.apache.commons.httpclient.HttpClient - Java vendor: Apple Inc.
%p main org.apache.commons.httpclient.HttpClient - Java class path: /Users/koles/Documents/workspace/GoodData-CL/bin:/Users/koles/Documents/workspace/GoodData-CL/cli-distro/target/lib/axis-1.4.jar:/Users/koles/Documents/workspace/GoodData-CL/cli-distro/target/lib/axis-jaxrpc-1.4.jar:/Users/koles/Documents/workspace/GoodData-CL/cli-distro/target/lib/axis-saaj-1.4.jar:/Users/koles/Documents/workspace/GoodData-CL/cli-distro/target/lib/axis-wsdl4j-1.5.1.jar:/Users/koles/Documents/workspace/GoodData-CL/cli-distro/target/lib/commons-beanutils-1.8.0.jar:/Users/koles/Documents/workspace/GoodData-CL/cli-distro/target/lib/commons-cli-1.2.jar:/Users/koles/Documents/workspace/GoodData-CL/cli-distro/target/lib/commons-codec-1.3.jar:/Users/koles/Documents/workspace/GoodData-CL/cli-distro/target/lib/commons-collections-3.2.1.jar:/Users/koles/Documents/workspace/GoodData-CL/cli-distro/target/lib/commons-discovery-0.2.jar:/Users/koles/Documents/workspace/GoodData-CL/cli-distro/target/lib/commons-httpclient-3.1.jar:/Users/koles/Documents/workspace/GoodData-CL/cli-distro/target/lib/commons-io-1.4.jar:/Users/koles/Documents/workspace/GoodData-CL/cli-distro/target/lib/commons-lang-2.4.jar:/Users/koles/Documents/workspace/GoodData-CL/cli-distro/target/lib/commons-logging-1.1.1.jar:/Users/koles/Documents/workspace/GoodData-CL/cli-distro/target/lib/commons-net-2.0.jar:/Users/koles/Documents/workspace/GoodData-CL/cli-distro/target/lib/derby-10.6.1.0.jar:/Users/koles/Documents/workspace/GoodData-CL/cli-distro/target/lib/derbytools-10.6.1.0.jar:/Users/koles/Documents/workspace/GoodData-CL/cli-distro/target/lib/ezmorph-1.0.6.jar:/Users/koles/Documents/workspace/GoodData-CL/cli-distro/target/lib/gdata-java-client-1.40.0.atlassian-2.jar:/Users/koles/Documents/workspace/GoodData-CL/cli-distro/target/lib/google-collections-1.0-rc2.jar:/Users/koles/Documents/workspace/GoodData-CL/cli-distro/target/lib/joda-time-1.6.jar:/Users/koles/Documents/workspace/GoodData-CL/cli-distro/target/lib/json-lib-2.3-jdk15.jar:/Users/koles/Documents/workspace/GoodData-CL/cli-distro/target/lib/jtds-1.2.4.jar:/Users/koles/Documents/workspace/GoodData-CL/cli-distro/target/lib/junit-4.8.1.jar:/Users/koles/Documents/workspace/GoodData-CL/cli-distro/target/lib/log4j-1.2.16.jar:/Users/koles/Documents/workspace/GoodData-CL/cli-distro/target/lib/mysql-connector-java-5.1.12.jar:/Users/koles/Documents/workspace/GoodData-CL/cli-distro/target/lib/opencsv-2.1.jar:/Users/koles/Documents/workspace/GoodData-CL/cli-distro/target/lib/postgresql-8.4-701.jdbc4.jar:/Users/koles/Documents/workspace/GoodData-CL/cli-distro/target/lib/xpp3_min-1.1.3.4.O.jar:/Users/koles/Documents/workspace/GoodData-CL/cli-distro/target/lib/xstream-1.2.2.jar:/Users/koles/Documents/workspace/GoodData-CL/cli-distro/target/lib/icu4j-4.0.1.jar
%p main org.apache.commons.httpclient.HttpClient - Operating system name: Mac OS X
%p main org.apache.commons.httpclient.HttpClient - Operating system architecture: x86_64
%p main org.apache.commons.httpclient.HttpClient - Operating system version: 10.6.4
%p main org.apache.commons.httpclient.HttpClient - SunPKCS11-Darwin 1.6: SunPKCS11 accessing Mac OS X SmartCardServices
%p main org.apache.commons.httpclient.HttpClient - SUN 1.6: SUN (DSA key/parameter generation; DSA signing; SHA-1, MD5 digests; SecureRandom; X.509 certificates; JKS keystore; PKIX CertPathValidator; PKIX CertPathBuilder; LDAP, Collection CertStores, JavaPolicy Policy; JavaLoginConfig Configuration)
%p main org.apache.commons.httpclient.HttpClient - Apple 1.0: Apple Provider (implements DES, Triple DES, AES, Blowfish, PBE, Diffie-Hellman, HMAC/MD5, HMAC/SHA1)
%p main org.apache.commons.httpclient.HttpClient - SunRsaSign 1.5: Sun RSA signature provider
%p main org.apache.commons.httpclient.HttpClient - SunJSSE 1.6: Sun JSSE provider(PKCS12, SunX509 key/trust factories, SSLv3, TLSv1)
%p main org.apache.commons.httpclient.HttpClient - SunJCE 1.6: SunJCE Provider (implements RSA, DES, Triple DES, AES, Blowfish, ARCFOUR, RC2, PBE, Diffie-Hellman, HMAC)
%p main org.apache.commons.httpclient.HttpClient - SunJGSS 1.0: Sun (Kerberos v5, SPNEGO)
%p main org.apache.commons.httpclient.HttpClient - SunSASL 1.5: Sun SASL provider(implements client mechanisms for: DIGEST-MD5, GSSAPI, EXTERNAL, PLAIN, CRAM-MD5; server mechanisms for: DIGEST-MD5, GSSAPI, CRAM-MD5)
%p main org.apache.commons.httpclient.HttpClient - XMLDSig 1.0: XMLDSig (DOM XMLSignatureFactory; DOM KeyInfoFactory)
%p main org.apache.commons.httpclient.HttpClient - SunPCSC 1.6: Sun PC/SC provider
%p main org.apache.commons.httpclient.params.DefaultHttpParams - Set parameter http.useragent = Jakarta Commons-HttpClient/3.1
%p main org.apache.commons.httpclient.params.DefaultHttpParams - Set parameter http.protocol.version = HTTP/1.1
%p main org.apache.commons.httpclient.params.DefaultHttpParams - Set parameter http.connection-manager.class = class org.apache.commons.httpclient.SimpleHttpConnectionManager
%p main org.apache.commons.httpclient.params.DefaultHttpParams - Set parameter http.protocol.cookie-policy = default
%p main org.apache.commons.httpclient.params.DefaultHttpParams - Set parameter http.protocol.element-charset = US-ASCII
%p main org.apache.commons.httpclient.params.DefaultHttpParams - Set parameter http.protocol.content-charset = ISO-8859-1
%p main org.apache.commons.httpclient.params.DefaultHttpParams - Set parameter http.method.retry-handler = org.apache.commons.httpclient.DefaultHttpMethodRetryHandler@7f629e71
%p main org.apache.commons.httpclient.params.DefaultHttpParams - Set parameter http.dateparser.patterns = [EEE, dd MMM yyyy HH:mm:ss zzz, EEEE, dd-MMM-yy HH:mm:ss zzz, EEE MMM d HH:mm:ss yyyy, EEE, dd-MMM-yyyy HH:mm:ss z, EEE, dd-MMM-yyyy HH-mm-ss z, EEE, dd MMM yy HH:mm:ss z, EEE dd-MMM-yyyy HH:mm:ss z, EEE dd MMM yyyy HH:mm:ss z, EEE dd-MMM-yyyy HH-mm-ss z, EEE dd-MMM-yy HH:mm:ss z, EEE dd MMM yy HH:mm:ss z, EEE,dd-MMM-yy HH:mm:ss z, EEE,dd-MMM-yyyy HH:mm:ss z, EEE, dd-MM-yyyy HH:mm:ss z]
%p main org.apache.commons.httpclient.HttpConnection - Open connection to jn.users.getgooddata.com:443
%p main org.apache.commons.httpclient.HttpMethodBase - Adding Host request header
%p main org.apache.commons.httpclient.methods.EntityEnclosingMethod - Request body sent
%p main org.apache.commons.httpclient.HttpMethodBase - Cookie accepted: "$Version=0; GDCAuthTT=; $Path=/"
%p main org.apache.commons.httpclient.HttpMethodBase - Cookie accepted: "$Version=0; GDCAuthSST=dfeea21ecf458102db75ceca038d5f20a18ecdb99b9162875bfe245b833e87848ef04cf53eec3107f581acda03c2743778036287d002551008e142264d3ec88d1f1181f5a0b1618dbf4bdd2d42ee392dbd2827ada7bd4894511bd58ee6edb5425af79fa7c6986f99b3f9d4cb93f25d4a2912d14f8581cb2bda9207404102f7; $Path=/"
%p main org.apache.commons.httpclient.HttpMethodBase - Buffering response body
%p main org.apache.commons.httpclient.HttpMethodBase - Should NOT close connection in response to directive: Keep-Alive
%p main org.apache.commons.httpclient.HttpConnection - Releasing connection back to connection manager.
%p main org.apache.commons.httpclient.HttpMethodBase - Default charset used: ISO-8859-1
%p main org.apache.commons.httpclient.HttpMethodBase - Adding Host request header
%p main org.apache.commons.httpclient.HttpMethodBase - Cookie accepted: "$Version=0; GDCAuthTT=509d0528928544c7b60a8590d5bd5c0413748c6ac819cd264ab3cd58b6a7686f246794504d9b766dc043962b5546d2a5cf705c70de5d2dd416a168b0cb46f899b434453cee9ca4919f4fd63c39dbc9eb41863717ac42c7253f100455f8053cd4d82b3e5a0a2714d1a064620ba501717e9d4eef72e2f597ccfbf0e1015e2227d77b2276223a313238303236363938372c2275223a2236227d; $Path=/"
%p main org.apache.commons.httpclient.HttpMethodBase - Buffering response body
%p main org.apache.commons.httpclient.HttpMethodBase - Should NOT close connection in response to directive: Keep-Alive
%p main org.apache.commons.httpclient.HttpConnection - Releasing connection back to connection manager.
%p main org.apache.commons.httpclient.HttpMethodBase - Default charset used: ISO-8859-1
%p main org.apache.commons.httpclient.HttpMethodBase - Adding Host request header
%p main org.apache.commons.httpclient.HttpMethodBase - Buffering response body
%p main org.apache.commons.httpclient.HttpMethodBase - Should NOT close connection in response to directive: Keep-Alive
%p main org.apache.commons.httpclient.HttpConnection - Releasing connection back to connection manager.
%p main org.apache.commons.httpclient.HttpMethodBase - Default charset used: ISO-8859-1
%p main org.apache.commons.httpclient.HttpMethodBase - Adding Host request header
%p main org.apache.commons.httpclient.HttpMethodBase - Buffering response body
%p main org.apache.commons.httpclient.HttpMethodBase - Should NOT close connection in response to directive: Keep-Alive
%p main org.apache.commons.httpclient.HttpConnection - Releasing connection back to connection manager.
%p main org.apache.commons.httpclient.HttpMethodBase - Default charset used: ISO-8859-1
%p main org.apache.commons.httpclient.HttpClient - Java version: 1.6.0_20
%p main org.apache.commons.httpclient.HttpClient - Java vendor: Apple Inc.
%p main org.apache.commons.httpclient.HttpClient - Java class path: /Users/koles/Documents/workspace/GoodData-CL/bin:/Users/koles/Documents/workspace/GoodData-CL/cli-distro/target/lib/axis-1.4.jar:/Users/koles/Documents/workspace/GoodData-CL/cli-distro/target/lib/axis-jaxrpc-1.4.jar:/Users/koles/Documents/workspace/GoodData-CL/cli-distro/target/lib/axis-saaj-1.4.jar:/Users/koles/Documents/workspace/GoodData-CL/cli-distro/target/lib/axis-wsdl4j-1.5.1.jar:/Users/koles/Documents/workspace/GoodData-CL/cli-distro/target/lib/commons-beanutils-1.8.0.jar:/Users/koles/Documents/workspace/GoodData-CL/cli-distro/target/lib/commons-cli-1.2.jar:/Users/koles/Documents/workspace/GoodData-CL/cli-distro/target/lib/commons-codec-1.3.jar:/Users/koles/Documents/workspace/GoodData-CL/cli-distro/target/lib/commons-collections-3.2.1.jar:/Users/koles/Documents/workspace/GoodData-CL/cli-distro/target/lib/commons-discovery-0.2.jar:/Users/koles/Documents/workspace/GoodData-CL/cli-distro/target/lib/commons-httpclient-3.1.jar:/Users/koles/Documents/workspace/GoodData-CL/cli-distro/target/lib/commons-io-1.4.jar:/Users/koles/Documents/workspace/GoodData-CL/cli-distro/target/lib/commons-lang-2.4.jar:/Users/koles/Documents/workspace/GoodData-CL/cli-distro/target/lib/commons-logging-1.1.1.jar:/Users/koles/Documents/workspace/GoodData-CL/cli-distro/target/lib/commons-net-2.0.jar:/Users/koles/Documents/workspace/GoodData-CL/cli-distro/target/lib/derby-10.6.1.0.jar:/Users/koles/Documents/workspace/GoodData-CL/cli-distro/target/lib/derbytools-10.6.1.0.jar:/Users/koles/Documents/workspace/GoodData-CL/cli-distro/target/lib/ezmorph-1.0.6.jar:/Users/koles/Documents/workspace/GoodData-CL/cli-distro/target/lib/gdata-java-client-1.40.0.atlassian-2.jar:/Users/koles/Documents/workspace/GoodData-CL/cli-distro/target/lib/google-collections-1.0-rc2.jar:/Users/koles/Documents/workspace/GoodData-CL/cli-distro/target/lib/joda-time-1.6.jar:/Users/koles/Documents/workspace/GoodData-CL/cli-distro/target/lib/json-lib-2.3-jdk15.jar:/Users/koles/Documents/workspace/GoodData-CL/cli-distro/target/lib/jtds-1.2.4.jar:/Users/koles/Documents/workspace/GoodData-CL/cli-distro/target/lib/junit-4.8.1.jar:/Users/koles/Documents/workspace/GoodData-CL/cli-distro/target/lib/log4j-1.2.16.jar:/Users/koles/Documents/workspace/GoodData-CL/cli-distro/target/lib/mysql-connector-java-5.1.12.jar:/Users/koles/Documents/workspace/GoodData-CL/cli-distro/target/lib/opencsv-2.1.jar:/Users/koles/Documents/workspace/GoodData-CL/cli-distro/target/lib/postgresql-8.4-701.jdbc4.jar:/Users/koles/Documents/workspace/GoodData-CL/cli-distro/target/lib/xpp3_min-1.1.3.4.O.jar:/Users/koles/Documents/workspace/GoodData-CL/cli-distro/target/lib/xstream-1.2.2.jar:/Users/koles/Documents/workspace/GoodData-CL/cli-distro/target/lib/icu4j-4.0.1.jar
%p main org.apache.commons.httpclient.HttpClient - Operating system name: Mac OS X
%p main org.apache.commons.httpclient.HttpClient - Operating system architecture: x86_64
%p main org.apache.commons.httpclient.HttpClient - Operating system version: 10.6.4
%p main org.apache.commons.httpclient.HttpClient - SunPKCS11-Darwin 1.6: SunPKCS11 accessing Mac OS X SmartCardServices
%p main org.apache.commons.httpclient.HttpClient - SUN 1.6: SUN (DSA key/parameter generation; DSA signing; SHA-1, MD5 digests; SecureRandom; X.509 certificates; JKS keystore; PKIX CertPathValidator; PKIX CertPathBuilder; LDAP, Collection CertStores, JavaPolicy Policy; JavaLoginConfig Configuration)
%p main org.apache.commons.httpclient.HttpClient - Apple 1.0: Apple Provider (implements DES, Triple DES, AES, Blowfish, PBE, Diffie-Hellman, HMAC/MD5, HMAC/SHA1)
%p main org.apache.commons.httpclient.HttpClient - SunRsaSign 1.5: Sun RSA signature provider
%p main org.apache.commons.httpclient.HttpClient - SunJSSE 1.6: Sun JSSE provider(PKCS12, SunX509 key/trust factories, SSLv3, TLSv1)
%p main org.apache.commons.httpclient.HttpClient - SunJCE 1.6: SunJCE Provider (implements RSA, DES, Triple DES, AES, Blowfish, ARCFOUR, RC2, PBE, Diffie-Hellman, HMAC)
%p main org.apache.commons.httpclient.HttpClient - SunJGSS 1.0: Sun (Kerberos v5, SPNEGO)
%p main org.apache.commons.httpclient.HttpClient - SunSASL 1.5: Sun SASL provider(implements client mechanisms for: DIGEST-MD5, GSSAPI, EXTERNAL, PLAIN, CRAM-MD5; server mechanisms for: DIGEST-MD5, GSSAPI, CRAM-MD5)
%p main org.apache.commons.httpclient.HttpClient - XMLDSig 1.0: XMLDSig (DOM XMLSignatureFactory; DOM KeyInfoFactory)
%p main org.apache.commons.httpclient.HttpClient - SunPCSC 1.6: Sun PC/SC provider
%p main org.apache.commons.httpclient.params.DefaultHttpParams - Set parameter http.useragent = Jakarta Commons-HttpClient/3.1
%p main org.apache.commons.httpclient.params.DefaultHttpParams - Set parameter http.protocol.version = HTTP/1.1
%p main org.apache.commons.httpclient.params.DefaultHttpParams - Set parameter http.connection-manager.class = class org.apache.commons.httpclient.SimpleHttpConnectionManager
%p main org.apache.commons.httpclient.params.DefaultHttpParams - Set parameter http.protocol.cookie-policy = default
%p main org.apache.commons.httpclient.params.DefaultHttpParams - Set parameter http.protocol.element-charset = US-ASCII
%p main org.apache.commons.httpclient.params.DefaultHttpParams - Set parameter http.protocol.content-charset = ISO-8859-1
%p main org.apache.commons.httpclient.params.DefaultHttpParams - Set parameter http.method.retry-handler = org.apache.commons.httpclient.DefaultHttpMethodRetryHandler@6bab600f
%p main org.apache.commons.httpclient.params.DefaultHttpParams - Set parameter http.dateparser.patterns = [EEE, dd MMM yyyy HH:mm:ss zzz, EEEE, dd-MMM-yy HH:mm:ss zzz, EEE MMM d HH:mm:ss yyyy, EEE, dd-MMM-yyyy HH:mm:ss z, EEE, dd-MMM-yyyy HH-mm-ss z, EEE, dd MMM yy HH:mm:ss z, EEE dd-MMM-yyyy HH:mm:ss z, EEE dd MMM yyyy HH:mm:ss z, EEE dd-MMM-yyyy HH-mm-ss z, EEE dd-MMM-yy HH:mm:ss z, EEE dd MMM yy HH:mm:ss z, EEE,dd-MMM-yy HH:mm:ss z, EEE,dd-MMM-yyyy HH:mm:ss z, EEE, dd-MM-yyyy HH:mm:ss z]
%p main org.apache.commons.httpclient.HttpConnection - Open connection to jn.users.getgooddata.com:443
%p main org.apache.commons.httpclient.HttpMethodBase - Adding Host request header
%p main org.apache.commons.httpclient.methods.EntityEnclosingMethod - Request body sent
%p main org.apache.commons.httpclient.HttpMethodBase - Cookie accepted: "$Version=0; GDCAuthTT=; $Path=/"
%p main org.apache.commons.httpclient.HttpMethodBase - Cookie accepted: "$Version=0; GDCAuthSST=8c5b2b9e5852758b38501d3a1c1d9a1c824135a55e06cd7a57036ff0f34242bb8c498eebd6679055d84b32624cf0d4b59c6c665ba8404acb17b9639366f73b07afa9bf07e0b722341ae58a017ee9aa2beaad0c60f100b5ee08d48b8b521fe709e15cfca8f9bccea693a9aa50f7f452121a655acacdfd187834a4c4a5437011; $Path=/"
%p main org.apache.commons.httpclient.HttpMethodBase - Buffering response body
%p main org.apache.commons.httpclient.HttpMethodBase - Should NOT close connection in response to directive: Keep-Alive
%p main org.apache.commons.httpclient.HttpConnection - Releasing connection back to connection manager.
%p main org.apache.commons.httpclient.HttpMethodBase - Default charset used: ISO-8859-1
%p main org.apache.commons.httpclient.HttpMethodBase - Adding Host request header
%p main org.apache.commons.httpclient.HttpMethodBase - Cookie accepted: "$Version=0; GDCAuthTT=0da4120bf65e3b236be97a276b988b2ad8b0dd8cbffa2bfaeefb2c821f692b8325bca5ff64f327416fcd11fadf3ca15c0f321fbe44b96f8f6267d40937be96538703b5b4f616e5525920ec6a687e2728ac421a70c77158c1f67126ffc8ef28f556b97ee50073a01a19baf09c4fff2dbd4b5f0655c27914bb5a69d8446daaa0b37b2276223a313238303236383533392c2275223a2236227d; $Path=/"
%p main org.apache.commons.httpclient.HttpMethodBase - Buffering response body
%p main org.apache.commons.httpclient.HttpMethodBase - Should NOT close connection in response to directive: Keep-Alive
%p main org.apache.commons.httpclient.HttpConnection - Releasing connection back to connection manager.
%p main org.apache.commons.httpclient.HttpMethodBase - Default charset used: ISO-8859-1
%p main org.apache.commons.httpclient.HttpMethodBase - Adding Host request header
%p main org.apache.commons.httpclient.HttpMethodBase - Buffering response body
%p main org.apache.commons.httpclient.HttpMethodBase - Should NOT close connection in response to directive: Keep-Alive
%p main org.apache.commons.httpclient.HttpConnection - Releasing connection back to connection manager.
%p main org.apache.commons.httpclient.HttpMethodBase - Default charset used: ISO-8859-1
%p main org.apache.commons.httpclient.HttpMethodBase - Adding Host request header
%p main org.apache.commons.httpclient.HttpMethodBase - Buffering response body
%p main org.apache.commons.httpclient.HttpMethodBase - Should NOT close connection in response to directive: Keep-Alive
%p main org.apache.commons.httpclient.HttpConnection - Releasing connection back to connection manager.
%p main org.apache.commons.httpclient.HttpMethodBase - Default charset used: ISO-8859-1
%p main org.apache.commons.httpclient.HttpClient - Java version: 1.6.0_20
%p main org.apache.commons.httpclient.HttpClient - Java vendor: Apple Inc.
%p main org.apache.commons.httpclient.HttpClient - Java class path: /Users/koles/Documents/workspace/GoodData-CL/bin:/Users/koles/Documents/workspace/GoodData-CL/cli-distro/target/lib/axis-1.4.jar:/Users/koles/Documents/workspace/GoodData-CL/cli-distro/target/lib/axis-jaxrpc-1.4.jar:/Users/koles/Documents/workspace/GoodData-CL/cli-distro/target/lib/axis-saaj-1.4.jar:/Users/koles/Documents/workspace/GoodData-CL/cli-distro/target/lib/axis-wsdl4j-1.5.1.jar:/Users/koles/Documents/workspace/GoodData-CL/cli-distro/target/lib/commons-beanutils-1.8.0.jar:/Users/koles/Documents/workspace/GoodData-CL/cli-distro/target/lib/commons-cli-1.2.jar:/Users/koles/Documents/workspace/GoodData-CL/cli-distro/target/lib/commons-codec-1.3.jar:/Users/koles/Documents/workspace/GoodData-CL/cli-distro/target/lib/commons-collections-3.2.1.jar:/Users/koles/Documents/workspace/GoodData-CL/cli-distro/target/lib/commons-discovery-0.2.jar:/Users/koles/Documents/workspace/GoodData-CL/cli-distro/target/lib/commons-httpclient-3.1.jar:/Users/koles/Documents/workspace/GoodData-CL/cli-distro/target/lib/commons-io-1.4.jar:/Users/koles/Documents/workspace/GoodData-CL/cli-distro/target/lib/commons-lang-2.4.jar:/Users/koles/Documents/workspace/GoodData-CL/cli-distro/target/lib/commons-logging-1.1.1.jar:/Users/koles/Documents/workspace/GoodData-CL/cli-distro/target/lib/commons-net-2.0.jar:/Users/koles/Documents/workspace/GoodData-CL/cli-distro/target/lib/derby-10.6.1.0.jar:/Users/koles/Documents/workspace/GoodData-CL/cli-distro/target/lib/derbytools-10.6.1.0.jar:/Users/koles/Documents/workspace/GoodData-CL/cli-distro/target/lib/ezmorph-1.0.6.jar:/Users/koles/Documents/workspace/GoodData-CL/cli-distro/target/lib/gdata-java-client-1.40.0.atlassian-2.jar:/Users/koles/Documents/workspace/GoodData-CL/cli-distro/target/lib/google-collections-1.0-rc2.jar:/Users/koles/Documents/workspace/GoodData-CL/cli-distro/target/lib/joda-time-1.6.jar:/Users/koles/Documents/workspace/GoodData-CL/cli-distro/target/lib/json-lib-2.3-jdk15.jar:/Users/koles/Documents/workspace/GoodData-CL/cli-distro/target/lib/jtds-1.2.4.jar:/Users/koles/Documents/workspace/GoodData-CL/cli-distro/target/lib/junit-4.8.1.jar:/Users/koles/Documents/workspace/GoodData-CL/cli-distro/target/lib/log4j-1.2.16.jar:/Users/koles/Documents/workspace/GoodData-CL/cli-distro/target/lib/mysql-connector-java-5.1.12.jar:/Users/koles/Documents/workspace/GoodData-CL/cli-distro/target/lib/opencsv-2.1.jar:/Users/koles/Documents/workspace/GoodData-CL/cli-distro/target/lib/postgresql-8.4-701.jdbc4.jar:/Users/koles/Documents/workspace/GoodData-CL/cli-distro/target/lib/xpp3_min-1.1.3.4.O.jar:/Users/koles/Documents/workspace/GoodData-CL/cli-distro/target/lib/xstream-1.2.2.jar:/Users/koles/Documents/workspace/GoodData-CL/cli-distro/target/lib/icu4j-4.0.1.jar
%p main org.apache.commons.httpclient.HttpClient - Operating system name: Mac OS X
%p main org.apache.commons.httpclient.HttpClient - Operating system architecture: x86_64
%p main org.apache.commons.httpclient.HttpClient - Operating system version: 10.6.4
%p main org.apache.commons.httpclient.HttpClient - SunPKCS11-Darwin 1.6: SunPKCS11 accessing Mac OS X SmartCardServices
%p main org.apache.commons.httpclient.HttpClient - SUN 1.6: SUN (DSA key/parameter generation; DSA signing; SHA-1, MD5 digests; SecureRandom; X.509 certificates; JKS keystore; PKIX CertPathValidator; PKIX CertPathBuilder; LDAP, Collection CertStores, JavaPolicy Policy; JavaLoginConfig Configuration)
%p main org.apache.commons.httpclient.HttpClient - Apple 1.0: Apple Provider (implements DES, Triple DES, AES, Blowfish, PBE, Diffie-Hellman, HMAC/MD5, HMAC/SHA1)
%p main org.apache.commons.httpclient.HttpClient - SunRsaSign 1.5: Sun RSA signature provider
%p main org.apache.commons.httpclient.HttpClient - SunJSSE 1.6: Sun JSSE provider(PKCS12, SunX509 key/trust factories, SSLv3, TLSv1)
%p main org.apache.commons.httpclient.HttpClient - SunJCE 1.6: SunJCE Provider (implements RSA, DES, Triple DES, AES, Blowfish, ARCFOUR, RC2, PBE, Diffie-Hellman, HMAC)
%p main org.apache.commons.httpclient.HttpClient - SunJGSS 1.0: Sun (Kerberos v5, SPNEGO)
%p main org.apache.commons.httpclient.HttpClient - SunSASL 1.5: Sun SASL provider(implements client mechanisms for: DIGEST-MD5, GSSAPI, EXTERNAL, PLAIN, CRAM-MD5; server mechanisms for: DIGEST-MD5, GSSAPI, CRAM-MD5)
%p main org.apache.commons.httpclient.HttpClient - XMLDSig 1.0: XMLDSig (DOM XMLSignatureFactory; DOM KeyInfoFactory)
%p main org.apache.commons.httpclient.HttpClient - SunPCSC 1.6: Sun PC/SC provider
%p main org.apache.commons.httpclient.params.DefaultHttpParams - Set parameter http.useragent = Jakarta Commons-HttpClient/3.1
%p main org.apache.commons.httpclient.params.DefaultHttpParams - Set parameter http.protocol.version = HTTP/1.1
%p main org.apache.commons.httpclient.params.DefaultHttpParams - Set parameter http.connection-manager.class = class org.apache.commons.httpclient.SimpleHttpConnectionManager
%p main org.apache.commons.httpclient.params.DefaultHttpParams - Set parameter http.protocol.cookie-policy = default
%p main org.apache.commons.httpclient.params.DefaultHttpParams - Set parameter http.protocol.element-charset = US-ASCII
%p main org.apache.commons.httpclient.params.DefaultHttpParams - Set parameter http.protocol.content-charset = ISO-8859-1
%p main org.apache.commons.httpclient.params.DefaultHttpParams - Set parameter http.method.retry-handler = org.apache.commons.httpclient.DefaultHttpMethodRetryHandler@77fe4169
%p main org.apache.commons.httpclient.params.DefaultHttpParams - Set parameter http.dateparser.patterns = [EEE, dd MMM yyyy HH:mm:ss zzz, EEEE, dd-MMM-yy HH:mm:ss zzz, EEE MMM d HH:mm:ss yyyy, EEE, dd-MMM-yyyy HH:mm:ss z, EEE, dd-MMM-yyyy HH-mm-ss z, EEE, dd MMM yy HH:mm:ss z, EEE dd-MMM-yyyy HH:mm:ss z, EEE dd MMM yyyy HH:mm:ss z, EEE dd-MMM-yyyy HH-mm-ss z, EEE dd-MMM-yy HH:mm:ss z, EEE dd MMM yy HH:mm:ss z, EEE,dd-MMM-yy HH:mm:ss z, EEE,dd-MMM-yyyy HH:mm:ss z, EEE, dd-MM-yyyy HH:mm:ss z]
%p main org.apache.commons.httpclient.HttpConnection - Open connection to jn.users.getgooddata.com:443
%p main org.apache.commons.httpclient.HttpMethodBase - Adding Host request header
%p main org.apache.commons.httpclient.methods.EntityEnclosingMethod - Request body sent
%p main org.apache.commons.httpclient.HttpMethodBase - Cookie accepted: "$Version=0; GDCAuthTT=; $Path=/"
%p main org.apache.commons.httpclient.HttpMethodBase - Cookie accepted: "$Version=0; GDCAuthSST=9a477e6cf14898b9621955050a3f2d8169b4510ebc761ebd1e64fb7c165a857a05a87e3964d63bbf0b8833e23c16c4e33093dc4b2825368c65555c82f8e49402e433eff3341bb44fc3735096b17f2e11c9f3aa02eb77f0206143c98007eb82e8f422d2481ce28f9c2475cf88d34977f140ca10a63ab61192318fd123ebc1b0; $Path=/"
%p main org.apache.commons.httpclient.HttpMethodBase - Buffering response body
%p main org.apache.commons.httpclient.HttpMethodBase - Should NOT close connection in response to directive: Keep-Alive
%p main org.apache.commons.httpclient.HttpConnection - Releasing connection back to connection manager.
%p main org.apache.commons.httpclient.HttpMethodBase - Default charset used: ISO-8859-1
%p main org.apache.commons.httpclient.HttpMethodBase - Adding Host request header
%p main org.apache.commons.httpclient.HttpMethodBase - Cookie accepted: "$Version=0; GDCAuthTT=b171e1eb67c4aeb5393713ab4e610d5a4db4f11aa9cfc95ccfff740f5207e4fe6154e11a24a1564b69f18c7919b02625edfa9ffa3363c35b00eadf1c6af6f90f4e63669716ea59d67a7f488d0f3397e2aec045ba3abebaaba9f9754bdb5ab695f749ffb8ec2724ed091b6b7ea534fa934d131baf9b495d1752631347d5f4c8877b2276223a313238303236383632382c2275223a2236227d; $Path=/"
%p main org.apache.commons.httpclient.HttpMethodBase - Buffering response body
%p main org.apache.commons.httpclient.HttpMethodBase - Should NOT close connection in response to directive: Keep-Alive
%p main org.apache.commons.httpclient.HttpConnection - Releasing connection back to connection manager.
%p main org.apache.commons.httpclient.HttpMethodBase - Default charset used: ISO-8859-1
%p main org.apache.commons.httpclient.HttpMethodBase - Adding Host request header
%p main org.apache.commons.httpclient.HttpMethodBase - Buffering response body
%p main org.apache.commons.httpclient.HttpMethodBase - Should NOT close connection in response to directive: Keep-Alive
%p main org.apache.commons.httpclient.HttpConnection - Releasing connection back to connection manager.
%p main org.apache.commons.httpclient.HttpMethodBase - Default charset used: ISO-8859-1
%p main org.apache.commons.httpclient.HttpMethodBase - Adding Host request header
%p main org.apache.commons.httpclient.HttpClient - Java version: 1.6.0_20
%p main org.apache.commons.httpclient.HttpClient - Java vendor: Apple Inc.
%p main org.apache.commons.httpclient.HttpClient - Java class path: /Users/koles/Documents/workspace/GoodData-CL/bin:/Users/koles/Documents/workspace/GoodData-CL/cli-distro/target/lib/axis-1.4.jar:/Users/koles/Documents/workspace/GoodData-CL/cli-distro/target/lib/axis-jaxrpc-1.4.jar:/Users/koles/Documents/workspace/GoodData-CL/cli-distro/target/lib/axis-saaj-1.4.jar:/Users/koles/Documents/workspace/GoodData-CL/cli-distro/target/lib/axis-wsdl4j-1.5.1.jar:/Users/koles/Documents/workspace/GoodData-CL/cli-distro/target/lib/commons-beanutils-1.8.0.jar:/Users/koles/Documents/workspace/GoodData-CL/cli-distro/target/lib/commons-cli-1.2.jar:/Users/koles/Documents/workspace/GoodData-CL/cli-distro/target/lib/commons-codec-1.3.jar:/Users/koles/Documents/workspace/GoodData-CL/cli-distro/target/lib/commons-collections-3.2.1.jar:/Users/koles/Documents/workspace/GoodData-CL/cli-distro/target/lib/commons-discovery-0.2.jar:/Users/koles/Documents/workspace/GoodData-CL/cli-distro/target/lib/commons-httpclient-3.1.jar:/Users/koles/Documents/workspace/GoodData-CL/cli-distro/target/lib/commons-io-1.4.jar:/Users/koles/Documents/workspace/GoodData-CL/cli-distro/target/lib/commons-lang-2.4.jar:/Users/koles/Documents/workspace/GoodData-CL/cli-distro/target/lib/commons-logging-1.1.1.jar:/Users/koles/Documents/workspace/GoodData-CL/cli-distro/target/lib/commons-net-2.0.jar:/Users/koles/Documents/workspace/GoodData-CL/cli-distro/target/lib/derby-10.6.1.0.jar:/Users/koles/Documents/workspace/GoodData-CL/cli-distro/target/lib/derbytools-10.6.1.0.jar:/Users/koles/Documents/workspace/GoodData-CL/cli-distro/target/lib/ezmorph-1.0.6.jar:/Users/koles/Documents/workspace/GoodData-CL/cli-distro/target/lib/gdata-java-client-1.40.0.atlassian-2.jar:/Users/koles/Documents/workspace/GoodData-CL/cli-distro/target/lib/google-collections-1.0-rc2.jar:/Users/koles/Documents/workspace/GoodData-CL/cli-distro/target/lib/joda-time-1.6.jar:/Users/koles/Documents/workspace/GoodData-CL/cli-distro/target/lib/json-lib-2.3-jdk15.jar:/Users/koles/Documents/workspace/GoodData-CL/cli-distro/target/lib/jtds-1.2.4.jar:/Users/koles/Documents/workspace/GoodData-CL/cli-distro/target/lib/junit-4.8.1.jar:/Users/koles/Documents/workspace/GoodData-CL/cli-distro/target/lib/log4j-1.2.16.jar:/Users/koles/Documents/workspace/GoodData-CL/cli-distro/target/lib/mysql-connector-java-5.1.12.jar:/Users/koles/Documents/workspace/GoodData-CL/cli-distro/target/lib/opencsv-2.1.jar:/Users/koles/Documents/workspace/GoodData-CL/cli-distro/target/lib/postgresql-8.4-701.jdbc4.jar:/Users/koles/Documents/workspace/GoodData-CL/cli-distro/target/lib/xpp3_min-1.1.3.4.O.jar:/Users/koles/Documents/workspace/GoodData-CL/cli-distro/target/lib/xstream-1.2.2.jar:/Users/koles/Documents/workspace/GoodData-CL/cli-distro/target/lib/icu4j-4.0.1.jar
%p main org.apache.commons.httpclient.HttpClient - Operating system name: Mac OS X
%p main org.apache.commons.httpclient.HttpClient - Operating system architecture: x86_64
%p main org.apache.commons.httpclient.HttpClient - Operating system version: 10.6.4
%p main org.apache.commons.httpclient.HttpClient - SunPKCS11-Darwin 1.6: SunPKCS11 accessing Mac OS X SmartCardServices
%p main org.apache.commons.httpclient.HttpClient - SUN 1.6: SUN (DSA key/parameter generation; DSA signing; SHA-1, MD5 digests; SecureRandom; X.509 certificates; JKS keystore; PKIX CertPathValidator; PKIX CertPathBuilder; LDAP, Collection CertStores, JavaPolicy Policy; JavaLoginConfig Configuration)
%p main org.apache.commons.httpclient.HttpClient - Apple 1.0: Apple Provider (implements DES, Triple DES, AES, Blowfish, PBE, Diffie-Hellman, HMAC/MD5, HMAC/SHA1)
%p main org.apache.commons.httpclient.HttpClient - SunRsaSign 1.5: Sun RSA signature provider
%p main org.apache.commons.httpclient.HttpClient - SunJSSE 1.6: Sun JSSE provider(PKCS12, SunX509 key/trust factories, SSLv3, TLSv1)
%p main org.apache.commons.httpclient.HttpClient - SunJCE 1.6: SunJCE Provider (implements RSA, DES, Triple DES, AES, Blowfish, ARCFOUR, RC2, PBE, Diffie-Hellman, HMAC)
%p main org.apache.commons.httpclient.HttpClient - SunJGSS 1.0: Sun (Kerberos v5, SPNEGO)
%p main org.apache.commons.httpclient.HttpClient - SunSASL 1.5: Sun SASL provider(implements client mechanisms for: DIGEST-MD5, GSSAPI, EXTERNAL, PLAIN, CRAM-MD5; server mechanisms for: DIGEST-MD5, GSSAPI, CRAM-MD5)
%p main org.apache.commons.httpclient.HttpClient - XMLDSig 1.0: XMLDSig (DOM XMLSignatureFactory; DOM KeyInfoFactory)
%p main org.apache.commons.httpclient.HttpClient - SunPCSC 1.6: Sun PC/SC provider
%p main org.apache.commons.httpclient.params.DefaultHttpParams - Set parameter http.useragent = Jakarta Commons-HttpClient/3.1
%p main org.apache.commons.httpclient.params.DefaultHttpParams - Set parameter http.protocol.version = HTTP/1.1
%p main org.apache.commons.httpclient.params.DefaultHttpParams - Set parameter http.connection-manager.class = class org.apache.commons.httpclient.SimpleHttpConnectionManager
%p main org.apache.commons.httpclient.params.DefaultHttpParams - Set parameter http.protocol.cookie-policy = default
%p main org.apache.commons.httpclient.params.DefaultHttpParams - Set parameter http.protocol.element-charset = US-ASCII
%p main org.apache.commons.httpclient.params.DefaultHttpParams - Set parameter http.protocol.content-charset = ISO-8859-1
%p main org.apache.commons.httpclient.params.DefaultHttpParams - Set parameter http.method.retry-handler = org.apache.commons.httpclient.DefaultHttpMethodRetryHandler@18f42160
%p main org.apache.commons.httpclient.params.DefaultHttpParams - Set parameter http.dateparser.patterns = [EEE, dd MMM yyyy HH:mm:ss zzz, EEEE, dd-MMM-yy HH:mm:ss zzz, EEE MMM d HH:mm:ss yyyy, EEE, dd-MMM-yyyy HH:mm:ss z, EEE, dd-MMM-yyyy HH-mm-ss z, EEE, dd MMM yy HH:mm:ss z, EEE dd-MMM-yyyy HH:mm:ss z, EEE dd MMM yyyy HH:mm:ss z, EEE dd-MMM-yyyy HH-mm-ss z, EEE dd-MMM-yy HH:mm:ss z, EEE dd MMM yy HH:mm:ss z, EEE,dd-MMM-yy HH:mm:ss z, EEE,dd-MMM-yyyy HH:mm:ss z, EEE, dd-MM-yyyy HH:mm:ss z]
%p main org.apache.commons.httpclient.HttpConnection - Open connection to jn.users.getgooddata.com:443
%p main org.apache.commons.httpclient.HttpMethodBase - Adding Host request header
%p main org.apache.commons.httpclient.methods.EntityEnclosingMethod - Request body sent
%p main org.apache.commons.httpclient.HttpMethodBase - Cookie accepted: "$Version=0; GDCAuthTT=; $Path=/"
%p main org.apache.commons.httpclient.HttpMethodBase - Cookie accepted: "$Version=0; GDCAuthSST=e0517cb92cea1b980fd54bf695b3d642e13f0b239dcb6d75e551b0496693c925aba6df84c46c99e2ee1a53de66a019dde66ad776df93deac196fc6fc7f93e62be0c7ba853bc5d40ef5cdcc1a463d3c89cc66eaae36e91f51f6910ac341a27f35617a8612eb7734b33a8ef7e6eea1a1615cf9491f9b5c6a50d83084a9ab8a32; $Path=/"
%p main org.apache.commons.httpclient.HttpMethodBase - Buffering response body
%p main org.apache.commons.httpclient.HttpMethodBase - Should NOT close connection in response to directive: Keep-Alive
%p main org.apache.commons.httpclient.HttpConnection - Releasing connection back to connection manager.
%p main org.apache.commons.httpclient.HttpMethodBase - Default charset used: ISO-8859-1
%p main org.apache.commons.httpclient.HttpMethodBase - Adding Host request header
%p main org.apache.commons.httpclient.HttpMethodBase - Cookie accepted: "$Version=0; GDCAuthTT=7be114f05038234bc90ab59c6add4dfc1998ec6a50ee713ec32227965923431d634f6ee08a09806274bb1e4efc7325838a9253bbb173e07970e94f0fd445d749467bf4498e36f2f7551bcc75aa0836b96127a2fb6c5465b1434eb254ff318091205de17c31d73c5892ff7a9f161716a79d48b32f279a025b7c1bc359c82eab197b2276223a313238303236383634302c2275223a2236227d; $Path=/"
%p main org.apache.commons.httpclient.HttpMethodBase - Buffering response body
%p main org.apache.commons.httpclient.HttpMethodBase - Should NOT close connection in response to directive: Keep-Alive
%p main org.apache.commons.httpclient.HttpConnection - Releasing connection back to connection manager.
%p main org.apache.commons.httpclient.HttpMethodBase - Default charset used: ISO-8859-1
%p main org.apache.commons.httpclient.HttpMethodBase - Adding Host request header
%p main org.apache.commons.httpclient.HttpMethodBase - Buffering response body
%p main org.apache.commons.httpclient.HttpMethodBase - Should NOT close connection in response to directive: Keep-Alive
%p main org.apache.commons.httpclient.HttpConnection - Releasing connection back to connection manager.
%p main org.apache.commons.httpclient.HttpMethodBase - Default charset used: ISO-8859-1
%p main org.apache.commons.httpclient.HttpMethodBase - Adding Host request header
%p main org.apache.commons.httpclient.HttpMethodBase - Buffering response body
%p main org.apache.commons.httpclient.HttpMethodBase - Should NOT close connection in response to directive: Keep-Alive
%p main org.apache.commons.httpclient.HttpConnection - Releasing connection back to connection manager.
%p main org.apache.commons.httpclient.HttpMethodBase - Default charset used: ISO-8859-1
